app/build/intermediates/manifest_merge_blame_file/debug/manifest-merger-blame-debug-report.txt
1<?xml version="1.0" encoding="utf-8"?>
2<manifest xmlns:android="http://schemas.android.com/apk/res/android"
3    package="com.example.dailyweather"
4    android:versionCode="1"
5    android:versionName="1.0" >
6
7    <uses-sdk
8        android:minSdkVersion="21"
8-->src\main\AndroidManifest.xml
9        android:targetSdkVersion="29" />
9-->src\main\AndroidManifest.xml
10
11    <application
11-->src\main\AndroidManifest.xml:5:5-19:19
12        android:allowBackup="true"
12-->src\main\AndroidManifest.xml:6:9-35
13        android:appComponentFactory="androidx.core.app.CoreComponentFactory"
13-->[androidx.core:core:1.1.0] AndroidManifest.xml:24:18-86
14        android:debuggable="true"
15        android:icon="@mipmap/ic_launcher"
15-->src\main\AndroidManifest.xml:7:9-43
16        android:label="@string/app_name"
16-->src\main\AndroidManifest.xml:8:9-41
17        android:roundIcon="@mipmap/ic_launcher_round"
17-->src\main\AndroidManifest.xml:9:9-54
18        android:supportsRtl="true"
18-->src\main\AndroidManifest.xml:10:9-35
19        android:testOnly="true"
20        android:theme="@style/AppTheme" >
20-->src\main\AndroidManifest.xml:11:9-40
21        <activity android:name="com.example.dailyweather.ui.MainActivity" >
21-->src\main\AndroidManifest.xml:12:9-18:20
21-->src\main\AndroidManifest.xml:12:19-50
22            <intent-filter>
22-->src\main\AndroidManifest.xml:13:13-17:29
23                <action android:name="android.intent.action.MAIN" />
23-->src\main\AndroidManifest.xml:14:17-69
23-->src\main\AndroidManifest.xml:14:25-66
24
25                <category android:name="android.intent.category.LAUNCHER" />
25-->src\main\AndroidManifest.xml:16:17-77
25-->src\main\AndroidManifest.xml:16:27-74
26            </intent-filter>
27        </activity>
28
29        <service
29-->[androidx.room:room-runtime:2.1.0] AndroidManifest.xml:25:9-27:40
30            android:name="androidx.room.MultiInstanceInvalidationService"
30-->[androidx.room:room-runtime:2.1.0] AndroidManifest.xml:26:13-74
31            android:exported="false" />
31-->[androidx.room:room-runtime:2.1.0] AndroidManifest.xml:27:13-37
32
33        <activity
33-->[com.google.android.gms:play-services-base:17.0.0] AndroidManifest.xml:23:9-26:75
34            android:name="com.google.android.gms.common.api.GoogleApiActivity"
34-->[com.google.android.gms:play-services-base:17.0.0] AndroidManifest.xml:24:13-79
35            android:exported="false"
35-->[com.google.android.gms:play-services-base:17.0.0] AndroidManifest.xml:25:13-37
36            android:theme="@android:style/Theme.Translucent.NoTitleBar" />
36-->[com.google.android.gms:play-services-base:17.0.0] AndroidManifest.xml:26:13-72
37
38        <meta-data
38-->[com.google.android.gms:play-services-basement:17.0.0] AndroidManifest.xml:23:9-25:69
39            android:name="com.google.android.gms.version"
39-->[com.google.android.gms:play-services-basement:17.0.0] AndroidManifest.xml:24:13-58
40            android:value="@integer/google_play_services_version" />
40-->[com.google.android.gms:play-services-basement:17.0.0] AndroidManifest.xml:25:13-66
41
42        <provider
42-->[androidx.lifecycle:lifecycle-process:2.2.0] AndroidManifest.xml:25:9-29:43
43            android:name="androidx.lifecycle.ProcessLifecycleOwnerInitializer"
43-->[androidx.lifecycle:lifecycle-process:2.2.0] AndroidManifest.xml:26:13-79
44            android:authorities="com.example.dailyweather.lifecycle-process"
44-->[androidx.lifecycle:lifecycle-process:2.2.0] AndroidManifest.xml:27:13-69
45            android:exported="false"
45-->[androidx.lifecycle:lifecycle-process:2.2.0] AndroidManifest.xml:28:13-37
46            android:multiprocess="true" />
46-->[androidx.lifecycle:lifecycle-process:2.2.0] AndroidManifest.xml:29:13-40
47    </application>
48
49</manifest>